T3B9C 000:000.381   SEGGER J-Link V7.50 Log File
T3B9C 000:000.482   DLL Compiled: Jul  1 2021 17:37:28
T3B9C 000:000.487   Logging started @ 2023-12-25 10:30
T3B9C 000:000.490 - 0.493ms
T3B9C 000:000.499 JLINK_GetDLLVersion()
T3B9C 000:000.504 - 0.007ms returns 75000
T3B9C 000:001.180 JLINK_OpenEx(...)
T3B9C 000:006.964   Firmware: J-Link V9 compiled May  7 2021 16:26:12
T3B9C 000:007.189   Firmware: J-Link V9 compiled May  7 2021 16:26:12
T3B9C 000:007.353   Decompressing FW timestamp took 145 us
T3B9C 000:012.811   Hardware: V9.60
T3B9C 000:012.825   S/N: 69665566
T3B9C 000:012.831   OEM: SEGGER
T3B9C 000:012.837   Feature(s): RDI, GDB, FlashDL, FlashBP, JFlash
T3B9C 000:013.606   TELNET listener socket opened on port 19021
T3B9C 000:013.713   WEBSRV Starting webserver
T3B9C 000:013.815   WEBSRV Webserver running on local port 19080
T3B9C 000:013.824 - 12.646ms returns "O.K."
T3B9C 000:013.874 JLINK_ExecCommand("ProjectFile=D:\Soucre\Airsensor/Air_Sensor.elf.jlink", ...). 
T3B9C 000:023.529 - 9.666ms returns 0x00
T3B9C 000:024.000 JLINK_ExecCommand("device=R7FA4M2AC", ...). 
T3B9C 000:028.423   Device "R7FA4M2AC" selected.
T3B9C 000:028.642 - 4.637ms returns 0x00
T3B9C 000:028.661 JLINK_ReadMem(0xE000EDF0, 0x4 Bytes, ...)
T3B9C 000:028.770   ConfigTargetSettings() start
T3B9C 000:028.778    J-Link Script File: Executing ConfigTargetSettings()
T3B9C 000:028.787   Configuring FlashDLNoRMWThreshold=0x200 in order to make sure that option bytes programming is done via read-modify-write
T3B9C 000:028.798   ConfigTargetSettings() end
T3B9C 000:029.346   InitTarget() start
T3B9C 000:029.355    J-Link Script File: Executing InitTarget()
T3B9C 000:029.360   Determining TrustZone configuration...
T3B9C 000:030.733     Secure Debug: Disabled (NSECSD)
T3B9C 000:030.744     Instruction set simulation: Disabled
T3B9C 000:030.755   Determining currently configured transfer type by reading the AHB-AP CSW register.
T3B9C 000:031.492   Transfer type does not match DLM state. Changing transfer type accordingly.
T3B9C 000:031.962   InitTarget() end
T3B9C 000:033.318   TotalIRLen = ?, IRPrint = 0x..000000000000000000000000
T3B9C 000:184.585   ConfigTargetSettings() start
T3B9C 000:184.607    J-Link Script File: Executing ConfigTargetSettings()
T3B9C 000:184.614   Configuring FlashDLNoRMWThreshold=0x200 in order to make sure that option bytes programming is done via read-modify-write
T3B9C 000:184.627   ConfigTargetSettings() end
T3B9C 000:184.636   InitTarget() start
T3B9C 000:184.644    J-Link Script File: Executing InitTarget()
T3B9C 000:184.649   Determining TrustZone configuration...
T3B9C 000:185.905     Secure Debug: Disabled (NSECSD)
T3B9C 000:185.917     Instruction set simulation: Disabled
T3B9C 000:185.926   Determining currently configured transfer type by reading the AHB-AP CSW register.
T3B9C 000:186.772   Transfer type does not match DLM state. Changing transfer type accordingly.
T3B9C 000:187.289   InitTarget() end
T3B9C 000:188.713   TotalIRLen = ?, IRPrint = 0x..000000000000000000000000
T3B9C 000:189.122 - 160.464ms returns 1
T3B9C 000:189.138 JLINK_ReadMem(0x400E002C, 0x4 Bytes, ...)
T3B9C 000:189.292   ConfigTargetSettings() start
T3B9C 000:189.299    J-Link Script File: Executing ConfigTargetSettings()
T3B9C 000:189.304   Configuring FlashDLNoRMWThreshold=0x200 in order to make sure that option bytes programming is done via read-modify-write
T3B9C 000:189.313   ConfigTargetSettings() end
T3B9C 000:189.319   InitTarget() start
T3B9C 000:189.325    J-Link Script File: Executing InitTarget()
T3B9C 000:189.329   Determining TrustZone configuration...
T3B9C 000:190.235     Secure Debug: Disabled (NSECSD)
T3B9C 000:190.243     Instruction set simulation: Disabled
T3B9C 000:190.251   Determining currently configured transfer type by reading the AHB-AP CSW register.
T3B9C 000:190.898   Transfer type does not match DLM state. Changing transfer type accordingly.
T3B9C 000:191.369   InitTarget() end
T3B9C 000:192.760   TotalIRLen = ?, IRPrint = 0x..000000000000000000000000
T3B9C 000:344.692   ConfigTargetSettings() start
T3B9C 000:344.759    J-Link Script File: Executing ConfigTargetSettings()
T3B9C 000:344.765   Configuring FlashDLNoRMWThreshold=0x200 in order to make sure that option bytes programming is done via read-modify-write
T3B9C 000:344.775   ConfigTargetSettings() end
T3B9C 000:344.782   InitTarget() start
T3B9C 000:344.788    J-Link Script File: Executing InitTarget()
T3B9C 000:344.793   Determining TrustZone configuration...
T3B9C 000:346.166     Secure Debug: Disabled (NSECSD)
T3B9C 000:346.178     Instruction set simulation: Disabled
T3B9C 000:346.186   Determining currently configured transfer type by reading the AHB-AP CSW register.
T3B9C 000:347.088   Transfer type does not match DLM state. Changing transfer type accordingly.
T3B9C 000:347.735   InitTarget() end
T3B9C 000:349.280   TotalIRLen = ?, IRPrint = 0x..000000000000000000000000
T3B9C 000:349.657 - 160.526ms returns 1
T3B9C 000:349.729 JLINK_ReadMem(0xE000EDF0, 0x4 Bytes, ...)
T3B9C 000:349.834   ConfigTargetSettings() start
T3B9C 000:349.842    J-Link Script File: Executing ConfigTargetSettings()
T3B9C 000:349.847   Configuring FlashDLNoRMWThreshold=0x200 in order to make sure that option bytes programming is done via read-modify-write
T3B9C 000:349.855   ConfigTargetSettings() end
T3B9C 000:349.862   InitTarget() start
T3B9C 000:349.870    J-Link Script File: Executing InitTarget()
T3B9C 000:349.875   Determining TrustZone configuration...
T3B9C 000:350.971     Secure Debug: Disabled (NSECSD)
T3B9C 000:350.984     Instruction set simulation: Disabled
T3B9C 000:350.992   Determining currently configured transfer type by reading the AHB-AP CSW register.
T3B9C 000:351.775   Transfer type does not match DLM state. Changing transfer type accordingly.
T3B9C 000:352.496   InitTarget() end
T3B9C 000:354.268   TotalIRLen = ?, IRPrint = 0x..000000000000000000000000
T3B9C 000:506.009   ConfigTargetSettings() start
T3B9C 000:506.032    J-Link Script File: Executing ConfigTargetSettings()
T3B9C 000:506.039   Configuring FlashDLNoRMWThreshold=0x200 in order to make sure that option bytes programming is done via read-modify-write
T3B9C 000:506.051   ConfigTargetSettings() end
T3B9C 000:506.059   InitTarget() start
T3B9C 000:506.066    J-Link Script File: Executing InitTarget()
T3B9C 000:506.071   Determining TrustZone configuration...
T3B9C 000:507.557     Secure Debug: Disabled (NSECSD)
T3B9C 000:507.571     Instruction set simulation: Disabled
T3B9C 000:507.581   Determining currently configured transfer type by reading the AHB-AP CSW register.
T3B9C 000:508.539   Transfer type does not match DLM state. Changing transfer type accordingly.
T3B9C 000:509.199   InitTarget() end
T3B9C 000:510.779   TotalIRLen = ?, IRPrint = 0x..000000000000000000000000
T3B9C 000:511.182 - 161.460ms returns 1
T3B9C 000:511.294 JLINK_ReadMem(0xE000EDF0, 0x4 Bytes, ...)
T3B9C 000:511.465   ConfigTargetSettings() start
T3B9C 000:511.476    J-Link Script File: Executing ConfigTargetSettings()
T3B9C 000:511.481   Configuring FlashDLNoRMWThreshold=0x200 in order to make sure that option bytes programming is done via read-modify-write
T3B9C 000:511.489   ConfigTargetSettings() end
T3B9C 000:511.495   InitTarget() start
T3B9C 000:511.501    J-Link Script File: Executing InitTarget()
T3B9C 000:511.505   Determining TrustZone configuration...
T3B9C 000:512.536     Secure Debug: Disabled (NSECSD)
T3B9C 000:512.547     Instruction set simulation: Disabled
T3B9C 000:512.555   Determining currently configured transfer type by reading the AHB-AP CSW register.
T3B9C 000:513.283   Transfer type does not match DLM state. Changing transfer type accordingly.
T3B9C 000:513.781   InitTarget() end
T3B9C 000:515.190   TotalIRLen = ?, IRPrint = 0x..000000000000000000000000
T3B9C 000:667.288   ConfigTargetSettings() start
T3B9C 000:667.312    J-Link Script File: Executing ConfigTargetSettings()
T3B9C 000:667.319   Configuring FlashDLNoRMWThreshold=0x200 in order to make sure that option bytes programming is done via read-modify-write
T3B9C 000:667.340   ConfigTargetSettings() end
T3B9C 000:667.349   InitTarget() start
T3B9C 000:667.357    J-Link Script File: Executing InitTarget()
T3B9C 000:667.362   Determining TrustZone configuration...
T3B9C 000:668.693     Secure Debug: Disabled (NSECSD)
T3B9C 000:668.704     Instruction set simulation: Disabled
T3B9C 000:668.712   Determining currently configured transfer type by reading the AHB-AP CSW register.
T3B9C 000:669.624   Transfer type does not match DLM state. Changing transfer type accordingly.
T3B9C 000:670.238   InitTarget() end
T3B9C 000:671.778   TotalIRLen = ?, IRPrint = 0x..000000000000000000000000
T3B9C 000:672.189 - 160.902ms returns 1
T3B9C 000:672.207 JLINK_ReadMem(0x400E001C, 0x4 Bytes, ...)
T3B9C 000:672.310   ConfigTargetSettings() start
T3B9C 000:672.318    J-Link Script File: Executing ConfigTargetSettings()
T3B9C 000:672.323   Configuring FlashDLNoRMWThreshold=0x200 in order to make sure that option bytes programming is done via read-modify-write
T3B9C 000:672.331   ConfigTargetSettings() end
T3B9C 000:672.341   InitTarget() start
T3B9C 000:672.347    J-Link Script File: Executing InitTarget()
T3B9C 000:672.351   Determining TrustZone configuration...
T3B9C 000:673.235     Secure Debug: Disabled (NSECSD)
T3B9C 000:673.246     Instruction set simulation: Disabled
T3B9C 000:673.255   Determining currently configured transfer type by reading the AHB-AP CSW register.
T3B9C 000:673.915   Transfer type does not match DLM state. Changing transfer type accordingly.
T3B9C 000:674.366   InitTarget() end
T3B9C 000:675.738   TotalIRLen = ?, IRPrint = 0x..000000000000000000000000
T3B9C 000:827.725   ConfigTargetSettings() start
T3B9C 000:827.750    J-Link Script File: Executing ConfigTargetSettings()
T3B9C 000:827.758   Configuring FlashDLNoRMWThreshold=0x200 in order to make sure that option bytes programming is done via read-modify-write
T3B9C 000:827.771   ConfigTargetSettings() end
T3B9C 000:827.781   InitTarget() start
T3B9C 000:827.790    J-Link Script File: Executing InitTarget()
T3B9C 000:827.796   Determining TrustZone configuration...
T3B9C 000:829.305     Secure Debug: Disabled (NSECSD)
T3B9C 000:829.322     Instruction set simulation: Disabled
T3B9C 000:829.334   Determining currently configured transfer type by reading the AHB-AP CSW register.
T3B9C 000:830.267   Transfer type does not match DLM state. Changing transfer type accordingly.
T3B9C 000:830.852   InitTarget() end
T3B9C 000:832.393   TotalIRLen = ?, IRPrint = 0x..000000000000000000000000
T3B9C 000:832.791 - 160.587ms returns 1
T3B9C 000:832.815 JLINK_ReadMem(0xE000EDF0, 0x4 Bytes, ...)
T3B9C 000:832.972   ConfigTargetSettings() start
T3B9C 000:832.984    J-Link Script File: Executing ConfigTargetSettings()
T3B9C 000:832.989   Configuring FlashDLNoRMWThreshold=0x200 in order to make sure that option bytes programming is done via read-modify-write
T3B9C 000:832.998   ConfigTargetSettings() end
T3B9C 000:833.004   InitTarget() start
T3B9C 000:833.010    J-Link Script File: Executing InitTarget()
T3B9C 000:833.014   Determining TrustZone configuration...
T3B9C 000:833.984     Secure Debug: Disabled (NSECSD)
T3B9C 000:833.993     Instruction set simulation: Disabled
T3B9C 000:834.000   Determining currently configured transfer type by reading the AHB-AP CSW register.
T3B9C 000:834.739   Transfer type does not match DLM state. Changing transfer type accordingly.
T3B9C 000:835.235   InitTarget() end
T3B9C 000:836.606   TotalIRLen = ?, IRPrint = 0x..000000000000000000000000
T3B9C 000:988.695   ConfigTargetSettings() start
T3B9C 000:988.720    J-Link Script File: Executing ConfigTargetSettings()
T3B9C 000:988.728   Configuring FlashDLNoRMWThreshold=0x200 in order to make sure that option bytes programming is done via read-modify-write
T3B9C 000:988.742   ConfigTargetSettings() end
T3B9C 000:988.752   InitTarget() start
T3B9C 000:988.760    J-Link Script File: Executing InitTarget()
T3B9C 000:988.767   Determining TrustZone configuration...
T3B9C 000:990.219     Secure Debug: Disabled (NSECSD)
T3B9C 000:990.237     Instruction set simulation: Disabled
T3B9C 000:990.246   Determining currently configured transfer type by reading the AHB-AP CSW register.
T3B9C 000:991.202   Transfer type does not match DLM state. Changing transfer type accordingly.
T3B9C 000:991.844   InitTarget() end
T3B9C 000:993.409   TotalIRLen = ?, IRPrint = 0x..000000000000000000000000
T3B9C 000:993.827 - 161.018ms returns 1
T3B9C 000:993.903 JLINK_ReadMem(0x400E0018, 0x4 Bytes, ...)
T3B9C 000:994.033   ConfigTargetSettings() start
T3B9C 000:994.041    J-Link Script File: Executing ConfigTargetSettings()
T3B9C 000:994.046   Configuring FlashDLNoRMWThreshold=0x200 in order to make sure that option bytes programming is done via read-modify-write
T3B9C 000:994.055   ConfigTargetSettings() end
T3B9C 000:994.061   InitTarget() start
T3B9C 000:994.067    J-Link Script File: Executing InitTarget()
T3B9C 000:994.072   Determining TrustZone configuration...
T3B9C 000:995.087     Secure Debug: Disabled (NSECSD)
T3B9C 000:995.095     Instruction set simulation: Disabled
T3B9C 000:995.103   Determining currently configured transfer type by reading the AHB-AP CSW register.
T3B9C 000:995.758   Transfer type does not match DLM state. Changing transfer type accordingly.
T3B9C 000:996.235   InitTarget() end
T3B9C 000:997.678   TotalIRLen = ?, IRPrint = 0x..000000000000000000000000
T3B9C 001:148.570   ConfigTargetSettings() start
T3B9C 001:148.591    J-Link Script File: Executing ConfigTargetSettings()
T3B9C 001:148.597   Configuring FlashDLNoRMWThreshold=0x200 in order to make sure that option bytes programming is done via read-modify-write
T3B9C 001:148.607   ConfigTargetSettings() end
T3B9C 001:148.614   InitTarget() start
T3B9C 001:148.620    J-Link Script File: Executing InitTarget()
T3B9C 001:148.624   Determining TrustZone configuration...
T3B9C 001:149.874     Secure Debug: Disabled (NSECSD)
T3B9C 001:149.887     Instruction set simulation: Disabled
T3B9C 001:149.896   Determining currently configured transfer type by reading the AHB-AP CSW register.
T3B9C 001:150.747   Transfer type does not match DLM state. Changing transfer type accordingly.
T3B9C 001:151.258   InitTarget() end
T3B9C 001:152.635   TotalIRLen = ?, IRPrint = 0x..000000000000000000000000
T3B9C 001:153.052 - 159.153ms returns 1
T3B9C 001:153.429 JLINK_ReadMem(0xE000EDF0, 0x4 Bytes, ...)
T3B9C 001:153.557   ConfigTargetSettings() start
T3B9C 001:153.565    J-Link Script File: Executing ConfigTargetSettings()
T3B9C 001:153.570   Configuring FlashDLNoRMWThreshold=0x200 in order to make sure that option bytes programming is done via read-modify-write
T3B9C 001:153.578   ConfigTargetSettings() end
T3B9C 001:153.585   InitTarget() start
T3B9C 001:153.591    J-Link Script File: Executing InitTarget()
T3B9C 001:153.595   Determining TrustZone configuration...
T3B9C 001:154.522     Secure Debug: Disabled (NSECSD)
T3B9C 001:154.530     Instruction set simulation: Disabled
T3B9C 001:154.538   Determining currently configured transfer type by reading the AHB-AP CSW register.
T3B9C 001:155.235   Transfer type does not match DLM state. Changing transfer type accordingly.
T3B9C 001:155.696   InitTarget() end
T3B9C 001:157.116   TotalIRLen = ?, IRPrint = 0x..000000000000000000000000
T3B9C 001:308.608   ConfigTargetSettings() start
T3B9C 001:308.627    J-Link Script File: Executing ConfigTargetSettings()
T3B9C 001:308.633   Configuring FlashDLNoRMWThreshold=0x200 in order to make sure that option bytes programming is done via read-modify-write
T3B9C 001:308.643   ConfigTargetSettings() end
T3B9C 001:308.650   InitTarget() start
T3B9C 001:308.656    J-Link Script File: Executing InitTarget()
T3B9C 001:308.660   Determining TrustZone configuration...
T3B9C 001:309.919     Secure Debug: Disabled (NSECSD)
T3B9C 001:309.931     Instruction set simulation: Disabled
T3B9C 001:309.940   Determining currently configured transfer type by reading the AHB-AP CSW register.
T3B9C 001:310.721   Transfer type does not match DLM state. Changing transfer type accordingly.
T3B9C 001:311.329   InitTarget() end
T3B9C 001:312.739   TotalIRLen = ?, IRPrint = 0x..000000000000000000000000
T3B9C 001:313.109 - 159.683ms returns 1
T3B9C 001:313.153 JLINK_ReadMem(0x400E0020, 0x4 Bytes, ...)
T3B9C 001:313.292   ConfigTargetSettings() start
T3B9C 001:313.300    J-Link Script File: Executing ConfigTargetSettings()
T3B9C 001:313.305   Configuring FlashDLNoRMWThreshold=0x200 in order to make sure that option bytes programming is done via read-modify-write
T3B9C 001:313.313   ConfigTargetSettings() end
T3B9C 001:313.320   InitTarget() start
T3B9C 001:313.326    J-Link Script File: Executing InitTarget()
T3B9C 001:313.330   Determining TrustZone configuration...
T3B9C 001:314.276     Secure Debug: Disabled (NSECSD)
T3B9C 001:314.284     Instruction set simulation: Disabled
T3B9C 001:314.292   Determining currently configured transfer type by reading the AHB-AP CSW register.
T3B9C 001:314.954   Transfer type does not match DLM state. Changing transfer type accordingly.
T3B9C 001:315.486   InitTarget() end
T3B9C 001:316.879   TotalIRLen = ?, IRPrint = 0x..000000000000000000000000
T3B9C 001:468.567   ConfigTargetSettings() start
T3B9C 001:468.634    J-Link Script File: Executing ConfigTargetSettings()
T3B9C 001:468.641   Configuring FlashDLNoRMWThreshold=0x200 in order to make sure that option bytes programming is done via read-modify-write
T3B9C 001:468.666   ConfigTargetSettings() end
T3B9C 001:468.680   InitTarget() start
T3B9C 001:468.686    J-Link Script File: Executing InitTarget()
T3B9C 001:468.690   Determining TrustZone configuration...
T3B9C 001:469.858     Secure Debug: Disabled (NSECSD)
T3B9C 001:469.874     Instruction set simulation: Disabled
T3B9C 001:469.882   Determining currently configured transfer type by reading the AHB-AP CSW register.
T3B9C 001:470.572   Transfer type does not match DLM state. Changing transfer type accordingly.
T3B9C 001:471.015   InitTarget() end
T3B9C 001:472.529   TotalIRLen = ?, IRPrint = 0x..000000000000000000000000
T3B9C 001:472.936 - 159.786ms returns 1
T3B9C 001:472.983 JLINK_ReadMem(0xE000EDF0, 0x4 Bytes, ...)
T3B9C 001:473.078   ConfigTargetSettings() start
T3B9C 001:473.085    J-Link Script File: Executing ConfigTargetSettings()
T3B9C 001:473.090   Configuring FlashDLNoRMWThreshold=0x200 in order to make sure that option bytes programming is done via read-modify-write
T3B9C 001:473.098   ConfigTargetSettings() end
T3B9C 001:473.104   InitTarget() start
T3B9C 001:473.110    J-Link Script File: Executing InitTarget()
T3B9C 001:473.115   Determining TrustZone configuration...
T3B9C 001:473.981     Secure Debug: Disabled (NSECSD)
T3B9C 001:473.989     Instruction set simulation: Disabled
T3B9C 001:473.997   Determining currently configured transfer type by reading the AHB-AP CSW register.
T3B9C 001:474.690   Transfer type does not match DLM state. Changing transfer type accordingly.
T3B9C 001:475.275   InitTarget() end
T3B9C 001:476.628   TotalIRLen = ?, IRPrint = 0x..000000000000000000000000
T3B9C 001:628.693   ConfigTargetSettings() start
T3B9C 001:628.711    J-Link Script File: Executing ConfigTargetSettings()
T3B9C 001:628.717   Configuring FlashDLNoRMWThreshold=0x200 in order to make sure that option bytes programming is done via read-modify-write
T3B9C 001:628.727   ConfigTargetSettings() end
T3B9C 001:628.734   InitTarget() start
T3B9C 001:628.740    J-Link Script File: Executing InitTarget()
T3B9C 001:628.745   Determining TrustZone configuration...
T3B9C 001:629.871     Secure Debug: Disabled (NSECSD)
T3B9C 001:629.882     Instruction set simulation: Disabled
T3B9C 001:629.891   Determining currently configured transfer type by reading the AHB-AP CSW register.
T3B9C 001:630.764   Transfer type does not match DLM state. Changing transfer type accordingly.
T3B9C 001:631.293   InitTarget() end
T3B9C 001:632.740   TotalIRLen = ?, IRPrint = 0x..000000000000000000000000
T3B9C 001:633.139 - 160.163ms returns 1
T3B9C 001:633.211 JLINK_ReadMem(0x400E0028, 0x4 Bytes, ...)
T3B9C 001:633.344   ConfigTargetSettings() start
T3B9C 001:633.362    J-Link Script File: Executing ConfigTargetSettings()
T3B9C 001:633.367   Configuring FlashDLNoRMWThreshold=0x200 in order to make sure that option bytes programming is done via read-modify-write
T3B9C 001:633.376   ConfigTargetSettings() end
T3B9C 001:633.382   InitTarget() start
T3B9C 001:633.388    J-Link Script File: Executing InitTarget()
T3B9C 001:633.392   Determining TrustZone configuration...
T3B9C 001:634.373     Secure Debug: Disabled (NSECSD)
T3B9C 001:634.385     Instruction set simulation: Disabled
T3B9C 001:634.393   Determining currently configured transfer type by reading the AHB-AP CSW register.
T3B9C 001:635.141   Transfer type does not match DLM state. Changing transfer type accordingly.
T3B9C 001:635.708   InitTarget() end
T3B9C 001:637.285   TotalIRLen = ?, IRPrint = 0x..000000000000000000000000
T3B9C 001:789.400   ConfigTargetSettings() start
T3B9C 001:789.422    J-Link Script File: Executing ConfigTargetSettings()
T3B9C 001:789.428   Configuring FlashDLNoRMWThreshold=0x200 in order to make sure that option bytes programming is done via read-modify-write
T3B9C 001:789.438   ConfigTargetSettings() end
T3B9C 001:789.445   InitTarget() start
T3B9C 001:789.451    J-Link Script File: Executing InitTarget()
T3B9C 001:789.455   Determining TrustZone configuration...
T3B9C 001:790.343     Secure Debug: Disabled (NSECSD)
T3B9C 001:790.353     Instruction set simulation: Disabled
T3B9C 001:790.360   Determining currently configured transfer type by reading the AHB-AP CSW register.
T3B9C 001:791.027   Transfer type does not match DLM state. Changing transfer type accordingly.
T3B9C 001:791.508   InitTarget() end
T3B9C 001:792.992   TotalIRLen = ?, IRPrint = 0x..000000000000000000000000
T3B9C 001:793.403 - 160.196ms returns 1
T3B9C 001:793.450 JLINK_ReadMem(0xE000EDF0, 0x4 Bytes, ...)
T3B9C 001:793.560   ConfigTargetSettings() start
T3B9C 001:793.567    J-Link Script File: Executing ConfigTargetSettings()
T3B9C 001:793.573   Configuring FlashDLNoRMWThreshold=0x200 in order to make sure that option bytes programming is done via read-modify-write
T3B9C 001:793.581   ConfigTargetSettings() end
T3B9C 001:793.588   InitTarget() start
T3B9C 001:793.594    J-Link Script File: Executing InitTarget()
T3B9C 001:793.598   Determining TrustZone configuration...
T3B9C 001:794.487     Secure Debug: Disabled (NSECSD)
T3B9C 001:794.495     Instruction set simulation: Disabled
T3B9C 001:794.503   Determining currently configured transfer type by reading the AHB-AP CSW register.
T3B9C 001:795.138   Transfer type does not match DLM state. Changing transfer type accordingly.
T3B9C 001:795.648   InitTarget() end
T3B9C 001:797.051   TotalIRLen = ?, IRPrint = 0x..000000000000000000000000
T3B9C 001:949.332   ConfigTargetSettings() start
T3B9C 001:949.404    J-Link Script File: Executing ConfigTargetSettings()
T3B9C 001:949.410   Configuring FlashDLNoRMWThreshold=0x200 in order to make sure that option bytes programming is done via read-modify-write
T3B9C 001:949.420   ConfigTargetSettings() end
T3B9C 001:949.427   InitTarget() start
T3B9C 001:949.432    J-Link Script File: Executing InitTarget()
T3B9C 001:949.437   Determining TrustZone configuration...
T3B9C 001:950.371     Secure Debug: Disabled (NSECSD)
T3B9C 001:950.381     Instruction set simulation: Disabled
T3B9C 001:950.390   Determining currently configured transfer type by reading the AHB-AP CSW register.
T3B9C 001:951.050   Transfer type does not match DLM state. Changing transfer type accordingly.
T3B9C 001:951.521   InitTarget() end
T3B9C 001:952.893   TotalIRLen = ?, IRPrint = 0x..000000000000000000000000
T3B9C 001:953.262 - 159.815ms returns 1
T3B9C 001:953.310 JLINK_ReadMem(0x400E0024, 0x4 Bytes, ...)
T3B9C 001:953.415   ConfigTargetSettings() start
T3B9C 001:953.422    J-Link Script File: Executing ConfigTargetSettings()
T3B9C 001:953.427   Configuring FlashDLNoRMWThreshold=0x200 in order to make sure that option bytes programming is done via read-modify-write
T3B9C 001:953.436   ConfigTargetSettings() end
T3B9C 001:953.449   InitTarget() start
T3B9C 001:953.455    J-Link Script File: Executing InitTarget()
T3B9C 001:953.459   Determining TrustZone configuration...
T3B9C 001:954.318     Secure Debug: Disabled (NSECSD)
T3B9C 001:954.326     Instruction set simulation: Disabled
T3B9C 001:954.333   Determining currently configured transfer type by reading the AHB-AP CSW register.
T3B9C 001:954.993   Transfer type does not match DLM state. Changing transfer type accordingly.
T3B9C 001:955.499   InitTarget() end
T3B9C 001:956.870   TotalIRLen = ?, IRPrint = 0x..000000000000000000000000
T3B9C 002:109.060   ConfigTargetSettings() start
T3B9C 002:109.085    J-Link Script File: Executing ConfigTargetSettings()
T3B9C 002:109.092   Configuring FlashDLNoRMWThreshold=0x200 in order to make sure that option bytes programming is done via read-modify-write
T3B9C 002:109.102   ConfigTargetSettings() end
T3B9C 002:109.109   InitTarget() start
T3B9C 002:109.115    J-Link Script File: Executing InitTarget()
T3B9C 002:109.120   Determining TrustZone configuration...
T3B9C 002:110.063     Secure Debug: Disabled (NSECSD)
T3B9C 002:110.076     Instruction set simulation: Disabled
T3B9C 002:110.084   Determining currently configured transfer type by reading the AHB-AP CSW register.
T3B9C 002:110.746   Transfer type does not match DLM state. Changing transfer type accordingly.
T3B9C 002:111.235   InitTarget() end
T3B9C 002:112.691   TotalIRLen = ?, IRPrint = 0x..000000000000000000000000
T3B9C 002:113.099 - 159.792ms returns 1
T3B9C 002:113.142 JLINK_ReadMem(0xE000EDF0, 0x4 Bytes, ...)
T3B9C 002:113.293   ConfigTargetSettings() start
T3B9C 002:113.301    J-Link Script File: Executing ConfigTargetSettings()
T3B9C 002:113.306   Configuring FlashDLNoRMWThreshold=0x200 in order to make sure that option bytes programming is done via read-modify-write
T3B9C 002:113.314   ConfigTargetSettings() end
T3B9C 002:113.321   InitTarget() start
T3B9C 002:113.327    J-Link Script File: Executing InitTarget()
T3B9C 002:113.331   Determining TrustZone configuration...
T3B9C 002:114.235     Secure Debug: Disabled (NSECSD)
T3B9C 002:114.244     Instruction set simulation: Disabled
T3B9C 002:114.251   Determining currently configured transfer type by reading the AHB-AP CSW register.
T3B9C 002:114.884   Transfer type does not match DLM state. Changing transfer type accordingly.
T3B9C 002:115.339   InitTarget() end
T3B9C 002:116.715   TotalIRLen = ?, IRPrint = 0x..000000000000000000000000
T3B9C 002:268.811   ConfigTargetSettings() start
T3B9C 002:268.831    J-Link Script File: Executing ConfigTargetSettings()
T3B9C 002:268.837   Configuring FlashDLNoRMWThreshold=0x200 in order to make sure that option bytes programming is done via read-modify-write
T3B9C 002:268.847   ConfigTargetSettings() end
T3B9C 002:268.854   InitTarget() start
T3B9C 002:268.860    J-Link Script File: Executing InitTarget()
T3B9C 002:268.864   Determining TrustZone configuration...
T3B9C 002:269.934     Secure Debug: Disabled (NSECSD)
T3B9C 002:269.946     Instruction set simulation: Disabled
T3B9C 002:269.954   Determining currently configured transfer type by reading the AHB-AP CSW register.
T3B9C 002:270.706   Transfer type does not match DLM state. Changing transfer type accordingly.
T3B9C 002:271.263   InitTarget() end
T3B9C 002:272.685   TotalIRLen = ?, IRPrint = 0x..000000000000000000000000
T3B9C 002:273.085 - 159.950ms returns 1
T3B9C 002:273.105 JLINK_ReadMem(0x400E002C, 0x4 Bytes, ...)
T3B9C 002:273.266   ConfigTargetSettings() start
T3B9C 002:273.277    J-Link Script File: Executing ConfigTargetSettings()
T3B9C 002:273.282   Configuring FlashDLNoRMWThreshold=0x200 in order to make sure that option bytes programming is done via read-modify-write
T3B9C 002:273.291   ConfigTargetSettings() end
T3B9C 002:273.297   InitTarget() start
T3B9C 002:273.303    J-Link Script File: Executing InitTarget()
T3B9C 002:273.308   Determining TrustZone configuration...
T3B9C 002:274.353     Secure Debug: Disabled (NSECSD)
T3B9C 002:274.370     Instruction set simulation: Disabled
T3B9C 002:274.379   Determining currently configured transfer type by reading the AHB-AP CSW register.
T3B9C 002:275.096   Transfer type does not match DLM state. Changing transfer type accordingly.
T3B9C 002:275.593   InitTarget() end
T3B9C 002:276.971   TotalIRLen = ?, IRPrint = 0x..000000000000000000000000
T3B9C 002:428.683   ConfigTargetSettings() start
T3B9C 002:428.705    J-Link Script File: Executing ConfigTargetSettings()
T3B9C 002:428.711   Configuring FlashDLNoRMWThreshold=0x200 in order to make sure that option bytes programming is done via read-modify-write
T3B9C 002:428.722   ConfigTargetSettings() end
T3B9C 002:428.729   InitTarget() start
T3B9C 002:428.735    J-Link Script File: Executing InitTarget()
T3B9C 002:428.739   Determining TrustZone configuration...
T3B9C 002:430.117     Secure Debug: Disabled (NSECSD)
T3B9C 002:430.129     Instruction set simulation: Disabled
T3B9C 002:430.137   Determining currently configured transfer type by reading the AHB-AP CSW register.
T3B9C 002:430.958   Transfer type does not match DLM state. Changing transfer type accordingly.
T3B9C 002:431.517   InitTarget() end
T3B9C 002:432.893   TotalIRLen = ?, IRPrint = 0x..000000000000000000000000
T3B9C 002:433.250 - 160.151ms returns 1
T3B9C 002:433.546 JLINK_ReadMem(0xE000EDF0, 0x4 Bytes, ...)
T3B9C 002:433.649   ConfigTargetSettings() start
T3B9C 002:433.657    J-Link Script File: Executing ConfigTargetSettings()
T3B9C 002:433.662   Configuring FlashDLNoRMWThreshold=0x200 in order to make sure that option bytes programming is done via read-modify-write
T3B9C 002:433.671   ConfigTargetSettings() end
T3B9C 002:433.677   InitTarget() start
T3B9C 002:433.683    J-Link Script File: Executing InitTarget()
T3B9C 002:433.687   Determining TrustZone configuration...
T3B9C 002:434.538     Secure Debug: Disabled (NSECSD)
T3B9C 002:434.545     Instruction set simulation: Disabled
T3B9C 002:434.553   Determining currently configured transfer type by reading the AHB-AP CSW register.
T3B9C 002:435.235   Transfer type does not match DLM state. Changing transfer type accordingly.
T3B9C 002:435.697   InitTarget() end
T3B9C 002:437.129   TotalIRLen = ?, IRPrint = 0x..000000000000000000000000
T3B9C 002:589.691   ConfigTargetSettings() start
T3B9C 002:589.715    J-Link Script File: Executing ConfigTargetSettings()
T3B9C 002:589.721   Configuring FlashDLNoRMWThreshold=0x200 in order to make sure that option bytes programming is done via read-modify-write
T3B9C 002:589.735   ConfigTargetSettings() end
T3B9C 002:589.743   InitTarget() start
T3B9C 002:589.749    J-Link Script File: Executing InitTarget()
T3B9C 002:589.753   Determining TrustZone configuration...
T3B9C 002:590.719     Secure Debug: Disabled (NSECSD)
T3B9C 002:590.732     Instruction set simulation: Disabled
T3B9C 002:590.740   Determining currently configured transfer type by reading the AHB-AP CSW register.
T3B9C 002:591.449   Transfer type does not match DLM state. Changing transfer type accordingly.
T3B9C 002:591.913   InitTarget() end
T3B9C 002:593.346   TotalIRLen = ?, IRPrint = 0x..000000000000000000000000
T3B9C 002:593.714 - 160.171ms returns 1
T3B9C 002:593.753 JLINK_ReadMem(0x400E002C, 0x4 Bytes, ...)
T3B9C 002:593.854   ConfigTargetSettings() start
T3B9C 002:593.862    J-Link Script File: Executing ConfigTargetSettings()
T3B9C 002:593.867   Configuring FlashDLNoRMWThreshold=0x200 in order to make sure that option bytes programming is done via read-modify-write
T3B9C 002:593.875   ConfigTargetSettings() end
T3B9C 002:593.881   InitTarget() start
T3B9C 002:593.887    J-Link Script File: Executing InitTarget()
T3B9C 002:593.891   Determining TrustZone configuration...
T3B9C 002:594.736     Secure Debug: Disabled (NSECSD)
T3B9C 002:594.744     Instruction set simulation: Disabled
T3B9C 002:594.752   Determining currently configured transfer type by reading the AHB-AP CSW register.
T3B9C 002:595.488   Transfer type does not match DLM state. Changing transfer type accordingly.
T3B9C 002:595.998   InitTarget() end
T3B9C 002:597.396   TotalIRLen = ?, IRPrint = 0x..000000000000000000000000
T3B9C 002:748.997   ConfigTargetSettings() start
T3B9C 002:749.024    J-Link Script File: Executing ConfigTargetSettings()
T3B9C 002:749.031   Configuring FlashDLNoRMWThreshold=0x200 in order to make sure that option bytes programming is done via read-modify-write
T3B9C 002:749.043   ConfigTargetSettings() end
T3B9C 002:749.051   InitTarget() start
T3B9C 002:749.058    J-Link Script File: Executing InitTarget()
T3B9C 002:749.063   Determining TrustZone configuration...
T3B9C 002:750.382     Secure Debug: Disabled (NSECSD)
T3B9C 002:750.394     Instruction set simulation: Disabled
T3B9C 002:750.403   Determining currently configured transfer type by reading the AHB-AP CSW register.
T3B9C 002:751.278   Transfer type does not match DLM state. Changing transfer type accordingly.
T3B9C 002:751.894   InitTarget() end
T3B9C 002:753.376   TotalIRLen = ?, IRPrint = 0x..000000000000000000000000
T3B9C 002:753.800 - 160.054ms returns 1
T3B9C 002:753.828 JLINK_ReadMem(0xE000EDF0, 0x4 Bytes, ...)
T3B9C 002:753.997   ConfigTargetSettings() start
T3B9C 002:754.008    J-Link Script File: Executing ConfigTargetSettings()
T3B9C 002:754.013   Configuring FlashDLNoRMWThreshold=0x200 in order to make sure that option bytes programming is done via read-modify-write
T3B9C 002:754.021   ConfigTargetSettings() end
T3B9C 002:754.028   InitTarget() start
T3B9C 002:754.033    J-Link Script File: Executing InitTarget()
T3B9C 002:754.038   Determining TrustZone configuration...
T3B9C 002:755.129     Secure Debug: Disabled (NSECSD)
T3B9C 002:755.140     Instruction set simulation: Disabled
T3B9C 002:755.148   Determining currently configured transfer type by reading the AHB-AP CSW register.
T3B9C 002:755.931   Transfer type does not match DLM state. Changing transfer type accordingly.
T3B9C 002:756.448   InitTarget() end
T3B9C 002:757.882   TotalIRLen = ?, IRPrint = 0x..000000000000000000000000
T3B9C 002:909.413   ConfigTargetSettings() start
T3B9C 002:909.432    J-Link Script File: Executing ConfigTargetSettings()
T3B9C 002:909.438   Configuring FlashDLNoRMWThreshold=0x200 in order to make sure that option bytes programming is done via read-modify-write
T3B9C 002:909.448   ConfigTargetSettings() end
T3B9C 002:909.455   InitTarget() start
T3B9C 002:909.461    J-Link Script File: Executing InitTarget()
T3B9C 002:909.465   Determining TrustZone configuration...
T3B9C 002:910.689     Secure Debug: Disabled (NSECSD)
T3B9C 002:910.701     Instruction set simulation: Disabled
T3B9C 002:910.709   Determining currently configured transfer type by reading the AHB-AP CSW register.
T3B9C 002:911.566   Transfer type does not match DLM state. Changing transfer type accordingly.
T3B9C 002:912.155   InitTarget() end
T3B9C 002:913.662   TotalIRLen = ?, IRPrint = 0x..000000000000000000000000
T3B9C 002:914.106 - 160.284ms returns 1
T3B9C 002:914.125 JLINK_ReadMem(0x400E001C, 0x4 Bytes, ...)
T3B9C 002:914.330   ConfigTargetSettings() start
T3B9C 002:914.341    J-Link Script File: Executing ConfigTargetSettings()
T3B9C 002:914.346   Configuring FlashDLNoRMWThreshold=0x200 in order to make sure that option bytes programming is done via read-modify-write
T3B9C 002:914.354   ConfigTargetSettings() end
T3B9C 002:914.360   InitTarget() start
T3B9C 002:914.366    J-Link Script File: Executing InitTarget()
T3B9C 002:914.371   Determining TrustZone configuration...
T3B9C 002:915.345     Secure Debug: Disabled (NSECSD)
T3B9C 002:915.356     Instruction set simulation: Disabled
T3B9C 002:915.364   Determining currently configured transfer type by reading the AHB-AP CSW register.
T3B9C 002:916.102   Transfer type does not match DLM state. Changing transfer type accordingly.
T3B9C 002:916.555   InitTarget() end
T3B9C 002:918.070   TotalIRLen = ?, IRPrint = 0x..000000000000000000000000
T3B9C 003:070.106   ConfigTargetSettings() start
T3B9C 003:070.126    J-Link Script File: Executing ConfigTargetSettings()
T3B9C 003:070.132   Configuring FlashDLNoRMWThreshold=0x200 in order to make sure that option bytes programming is done via read-modify-write
T3B9C 003:070.149   ConfigTargetSettings() end
T3B9C 003:070.156   InitTarget() start
T3B9C 003:070.162    J-Link Script File: Executing InitTarget()
T3B9C 003:070.167   Determining TrustZone configuration...
T3B9C 003:071.324     Secure Debug: Disabled (NSECSD)
T3B9C 003:071.337     Instruction set simulation: Disabled
T3B9C 003:071.345   Determining currently configured transfer type by reading the AHB-AP CSW register.
T3B9C 003:072.155   Transfer type does not match DLM state. Changing transfer type accordingly.
T3B9C 003:072.668   InitTarget() end
T3B9C 003:074.067   TotalIRLen = ?, IRPrint = 0x..000000000000000000000000
T3B9C 003:074.472 - 160.350ms returns 1
T3B9C 003:074.733 JLINK_ReadMem(0xE000EDF0, 0x4 Bytes, ...)
T3B9C 003:074.861   ConfigTargetSettings() start
T3B9C 003:074.868    J-Link Script File: Executing ConfigTargetSettings()
T3B9C 003:074.873   Configuring FlashDLNoRMWThreshold=0x200 in order to make sure that option bytes programming is done via read-modify-write
T3B9C 003:074.881   ConfigTargetSettings() end
T3B9C 003:074.887   InitTarget() start
T3B9C 003:074.893    J-Link Script File: Executing InitTarget()
T3B9C 003:074.897   Determining TrustZone configuration...
T3B9C 003:075.911     Secure Debug: Disabled (NSECSD)
T3B9C 003:075.918     Instruction set simulation: Disabled
T3B9C 003:075.926   Determining currently configured transfer type by reading the AHB-AP CSW register.
T3B9C 003:076.641   Transfer type does not match DLM state. Changing transfer type accordingly.
T3B9C 003:077.102   InitTarget() end
T3B9C 003:078.577   TotalIRLen = ?, IRPrint = 0x..000000000000000000000000
T3B9C 003:231.093   ConfigTargetSettings() start
T3B9C 003:231.113    J-Link Script File: Executing ConfigTargetSettings()
T3B9C 003:231.121   Configuring FlashDLNoRMWThreshold=0x200 in order to make sure that option bytes programming is done via read-modify-write
T3B9C 003:231.132   ConfigTargetSettings() end
T3B9C 003:231.139   InitTarget() start
T3B9C 003:231.145    J-Link Script File: Executing InitTarget()
T3B9C 003:231.150   Determining TrustZone configuration...
T3B9C 003:232.506     Secure Debug: Disabled (NSECSD)
T3B9C 003:232.518     Instruction set simulation: Disabled
T3B9C 003:232.526   Determining currently configured transfer type by reading the AHB-AP CSW register.
T3B9C 003:233.379   Transfer type does not match DLM state. Changing transfer type accordingly.
T3B9C 003:233.953   InitTarget() end
T3B9C 003:235.610   TotalIRLen = ?, IRPrint = 0x..000000000000000000000000
T3B9C 003:236.315 - 161.590ms returns 1
T3B9C 003:236.338 JLINK_ReadMem(0x400E0018, 0x4 Bytes, ...)
T3B9C 003:236.453   ConfigTargetSettings() start
T3B9C 003:236.465    J-Link Script File: Executing ConfigTargetSettings()
T3B9C 003:236.472   Configuring FlashDLNoRMWThreshold=0x200 in order to make sure that option bytes programming is done via read-modify-write
T3B9C 003:236.484   ConfigTargetSettings() end
T3B9C 003:236.515   InitTarget() start
T3B9C 003:236.524    J-Link Script File: Executing InitTarget()
T3B9C 003:236.530   Determining TrustZone configuration...
T3B9C 003:237.687     Secure Debug: Disabled (NSECSD)
T3B9C 003:237.699     Instruction set simulation: Disabled
T3B9C 003:237.708   Determining currently configured transfer type by reading the AHB-AP CSW register.
T3B9C 003:238.618   Transfer type does not match DLM state. Changing transfer type accordingly.
T3B9C 003:239.135   InitTarget() end
T3B9C 003:240.681   TotalIRLen = ?, IRPrint = 0x..000000000000000000000000
T3B9C 003:392.315   ConfigTargetSettings() start
T3B9C 003:392.339    J-Link Script File: Executing ConfigTargetSettings()
T3B9C 003:392.347   Configuring FlashDLNoRMWThreshold=0x200 in order to make sure that option bytes programming is done via read-modify-write
T3B9C 003:392.359   ConfigTargetSettings() end
T3B9C 003:392.368   InitTarget() start
T3B9C 003:392.375    J-Link Script File: Executing InitTarget()
T3B9C 003:392.386   Determining TrustZone configuration...
T3B9C 003:393.855     Secure Debug: Disabled (NSECSD)
T3B9C 003:393.870     Instruction set simulation: Disabled
T3B9C 003:393.880   Determining currently configured transfer type by reading the AHB-AP CSW register.
T3B9C 003:394.817   Transfer type does not match DLM state. Changing transfer type accordingly.
T3B9C 003:395.490   InitTarget() end
T3B9C 003:397.065   TotalIRLen = ?, IRPrint = 0x..000000000000000000000000
T3B9C 003:397.488 - 161.157ms returns 1
T3B9C 003:397.517 JLINK_ReadMem(0xE000EDF0, 0x4 Bytes, ...)
T3B9C 003:397.677   ConfigTargetSettings() start
T3B9C 003:397.688    J-Link Script File: Executing ConfigTargetSettings()
T3B9C 003:397.693   Configuring FlashDLNoRMWThreshold=0x200 in order to make sure that option bytes programming is done via read-modify-write
T3B9C 003:397.701   ConfigTargetSettings() end
T3B9C 003:397.707   InitTarget() start
T3B9C 003:397.713    J-Link Script File: Executing InitTarget()
T3B9C 003:397.717   Determining TrustZone configuration...
T3B9C 003:398.837     Secure Debug: Disabled (NSECSD)
T3B9C 003:398.848     Instruction set simulation: Disabled
T3B9C 003:398.856   Determining currently configured transfer type by reading the AHB-AP CSW register.
T3B9C 003:399.631   Transfer type does not match DLM state. Changing transfer type accordingly.
T3B9C 003:400.176   InitTarget() end
T3B9C 003:401.690   TotalIRLen = ?, IRPrint = 0x..000000000000000000000000
T3B9C 003:553.608   ConfigTargetSettings() start
T3B9C 003:553.629    J-Link Script File: Executing ConfigTargetSettings()
T3B9C 003:553.635   Configuring FlashDLNoRMWThreshold=0x200 in order to make sure that option bytes programming is done via read-modify-write
T3B9C 003:553.644   ConfigTargetSettings() end
T3B9C 003:553.652   InitTarget() start
T3B9C 003:553.657    J-Link Script File: Executing InitTarget()
T3B9C 003:553.662   Determining TrustZone configuration...
T3B9C 003:555.084     Secure Debug: Disabled (NSECSD)
T3B9C 003:555.097     Instruction set simulation: Disabled
T3B9C 003:555.106   Determining currently configured transfer type by reading the AHB-AP CSW register.
T3B9C 003:555.923   Transfer type does not match DLM state. Changing transfer type accordingly.
T3B9C 003:556.472   InitTarget() end
T3B9C 003:557.961   TotalIRLen = ?, IRPrint = 0x..000000000000000000000000
T3B9C 003:558.355 - 160.841ms returns 1
T3B9C 003:558.370 JLINK_ReadMem(0x400E0020, 0x4 Bytes, ...)
T3B9C 003:558.497   ConfigTargetSettings() start
T3B9C 003:558.504    J-Link Script File: Executing ConfigTargetSettings()
T3B9C 003:558.509   Configuring FlashDLNoRMWThreshold=0x200 in order to make sure that option bytes programming is done via read-modify-write
T3B9C 003:558.518   ConfigTargetSettings() end
T3B9C 003:558.524   InitTarget() start
T3B9C 003:558.530    J-Link Script File: Executing InitTarget()
T3B9C 003:558.534   Determining TrustZone configuration...
T3B9C 003:559.509     Secure Debug: Disabled (NSECSD)
T3B9C 003:559.517     Instruction set simulation: Disabled
T3B9C 003:559.524   Determining currently configured transfer type by reading the AHB-AP CSW register.
T3B9C 003:560.234   Transfer type does not match DLM state. Changing transfer type accordingly.
T3B9C 003:560.702   InitTarget() end
T3B9C 003:562.207   TotalIRLen = ?, IRPrint = 0x..000000000000000000000000
T3B9C 003:714.244   ConfigTargetSettings() start
T3B9C 003:714.311    J-Link Script File: Executing ConfigTargetSettings()
T3B9C 003:714.317   Configuring FlashDLNoRMWThreshold=0x200 in order to make sure that option bytes programming is done via read-modify-write
T3B9C 003:714.327   ConfigTargetSettings() end
T3B9C 003:714.334   InitTarget() start
T3B9C 003:714.340    J-Link Script File: Executing InitTarget()
T3B9C 003:714.345   Determining TrustZone configuration...
T3B9C 003:715.348     Secure Debug: Disabled (NSECSD)
T3B9C 003:715.361     Instruction set simulation: Disabled
T3B9C 003:715.369   Determining currently configured transfer type by reading the AHB-AP CSW register.
T3B9C 003:716.101   Transfer type does not match DLM state. Changing transfer type accordingly.
T3B9C 003:716.584   InitTarget() end
T3B9C 003:718.026   TotalIRLen = ?, IRPrint = 0x..000000000000000000000000
T3B9C 003:718.382 - 160.017ms returns 1
T3B9C 003:718.657 JLINK_ReadMem(0xE000EDF0, 0x4 Bytes, ...)
T3B9C 003:718.756   ConfigTargetSettings() start
T3B9C 003:718.763    J-Link Script File: Executing ConfigTargetSettings()
T3B9C 003:718.769   Configuring FlashDLNoRMWThreshold=0x200 in order to make sure that option bytes programming is done via read-modify-write
T3B9C 003:718.777   ConfigTargetSettings() end
T3B9C 003:718.784   InitTarget() start
T3B9C 003:718.790    J-Link Script File: Executing InitTarget()
T3B9C 003:718.795   Determining TrustZone configuration...
T3B9C 003:719.710     Secure Debug: Disabled (NSECSD)
T3B9C 003:719.718     Instruction set simulation: Disabled
T3B9C 003:719.726   Determining currently configured transfer type by reading the AHB-AP CSW register.
T3B9C 003:720.448   Transfer type does not match DLM state. Changing transfer type accordingly.
T3B9C 003:720.908   InitTarget() end
T3B9C 003:722.328   TotalIRLen = ?, IRPrint = 0x..000000000000000000000000
T3B9C 003:874.278   ConfigTargetSettings() start
T3B9C 003:874.349    J-Link Script File: Executing ConfigTargetSettings()
T3B9C 003:874.357   Configuring FlashDLNoRMWThreshold=0x200 in order to make sure that option bytes programming is done via read-modify-write
T3B9C 003:874.369   ConfigTargetSettings() end
T3B9C 003:874.379   InitTarget() start
T3B9C 003:874.387    J-Link Script File: Executing InitTarget()
T3B9C 003:874.393   Determining TrustZone configuration...
T3B9C 003:875.369     Secure Debug: Disabled (NSECSD)
T3B9C 003:875.378     Instruction set simulation: Disabled
T3B9C 003:875.386   Determining currently configured transfer type by reading the AHB-AP CSW register.
T3B9C 003:876.080   Transfer type does not match DLM state. Changing transfer type accordingly.
T3B9C 003:876.522   InitTarget() end
T3B9C 003:877.974   TotalIRLen = ?, IRPrint = 0x..000000000000000000000000
T3B9C 003:878.329 - 159.675ms returns 1
T3B9C 003:878.369 JLINK_ReadMem(0x400E0028, 0x4 Bytes, ...)
T3B9C 003:878.479   ConfigTargetSettings() start
T3B9C 003:878.487    J-Link Script File: Executing ConfigTargetSettings()
T3B9C 003:878.492   Configuring FlashDLNoRMWThreshold=0x200 in order to make sure that option bytes programming is done via read-modify-write
T3B9C 003:878.500   ConfigTargetSettings() end
T3B9C 003:878.506   InitTarget() start
T3B9C 003:878.512    J-Link Script File: Executing InitTarget()
T3B9C 003:878.516   Determining TrustZone configuration...
T3B9C 003:879.447     Secure Debug: Disabled (NSECSD)
T3B9C 003:879.455     Instruction set simulation: Disabled
T3B9C 003:879.462   Determining currently configured transfer type by reading the AHB-AP CSW register.
T3B9C 003:880.122   Transfer type does not match DLM state. Changing transfer type accordingly.
T3B9C 003:880.647   InitTarget() end
T3B9C 003:882.091   TotalIRLen = ?, IRPrint = 0x..000000000000000000000000
T3B9C 004:033.026   ConfigTargetSettings() start
T3B9C 004:033.046    J-Link Script File: Executing ConfigTargetSettings()
T3B9C 004:033.052   Configuring FlashDLNoRMWThreshold=0x200 in order to make sure that option bytes programming is done via read-modify-write
T3B9C 004:033.062   ConfigTargetSettings() end
T3B9C 004:033.069   InitTarget() start
T3B9C 004:033.075    J-Link Script File: Executing InitTarget()
T3B9C 004:033.080   Determining TrustZone configuration...
T3B9C 004:034.067     Secure Debug: Disabled (NSECSD)
T3B9C 004:034.090     Instruction set simulation: Disabled
T3B9C 004:034.101   Determining currently configured transfer type by reading the AHB-AP CSW register.
T3B9C 004:034.814   Transfer type does not match DLM state. Changing transfer type accordingly.
T3B9C 004:035.265   InitTarget() end
T3B9C 004:036.708   TotalIRLen = ?, IRPrint = 0x..000000000000000000000000
T3B9C 004:037.083 - 158.717ms returns 1
T3B9C 004:037.107 JLINK_ReadMem(0xE000EDF0, 0x4 Bytes, ...)
T3B9C 004:037.235   ConfigTargetSettings() start
T3B9C 004:037.242    J-Link Script File: Executing ConfigTargetSettings()
T3B9C 004:037.247   Configuring FlashDLNoRMWThreshold=0x200 in order to make sure that option bytes programming is done via read-modify-write
T3B9C 004:037.255   ConfigTargetSettings() end
T3B9C 004:037.261   InitTarget() start
T3B9C 004:037.267    J-Link Script File: Executing InitTarget()
T3B9C 004:037.271   Determining TrustZone configuration...
T3B9C 004:038.132     Secure Debug: Disabled (NSECSD)
T3B9C 004:038.139     Instruction set simulation: Disabled
T3B9C 004:038.147   Determining currently configured transfer type by reading the AHB-AP CSW register.
T3B9C 004:038.851   Transfer type does not match DLM state. Changing transfer type accordingly.
T3B9C 004:039.317   InitTarget() end
T3B9C 004:040.762   TotalIRLen = ?, IRPrint = 0x..000000000000000000000000
T3B9C 004:192.859   ConfigTargetSettings() start
T3B9C 004:192.879    J-Link Script File: Executing ConfigTargetSettings()
T3B9C 004:192.886   Configuring FlashDLNoRMWThreshold=0x200 in order to make sure that option bytes programming is done via read-modify-write
T3B9C 004:192.896   ConfigTargetSettings() end
T3B9C 004:192.903   InitTarget() start
T3B9C 004:192.909    J-Link Script File: Executing InitTarget()
T3B9C 004:192.914   Determining TrustZone configuration...
T3B9C 004:193.979     Secure Debug: Disabled (NSECSD)
T3B9C 004:193.992     Instruction set simulation: Disabled
T3B9C 004:194.003   Determining currently configured transfer type by reading the AHB-AP CSW register.
T3B9C 004:194.767   Transfer type does not match DLM state. Changing transfer type accordingly.
T3B9C 004:195.293   InitTarget() end
T3B9C 004:196.714   TotalIRLen = ?, IRPrint = 0x..000000000000000000000000
T3B9C 004:197.123 - 160.023ms returns 1
T3B9C 004:197.144 JLINK_ReadMem(0x400E0024, 0x4 Bytes, ...)
T3B9C 004:197.318   ConfigTargetSettings() start
T3B9C 004:197.329    J-Link Script File: Executing ConfigTargetSettings()
T3B9C 004:197.334   Configuring FlashDLNoRMWThreshold=0x200 in order to make sure that option bytes programming is done via read-modify-write
T3B9C 004:197.343   ConfigTargetSettings() end
T3B9C 004:197.349   InitTarget() start
T3B9C 004:197.355    J-Link Script File: Executing InitTarget()
T3B9C 004:197.359   Determining TrustZone configuration...
T3B9C 004:198.264     Secure Debug: Disabled (NSECSD)
T3B9C 004:198.276     Instruction set simulation: Disabled
T3B9C 004:198.285   Determining currently configured transfer type by reading the AHB-AP CSW register.
T3B9C 004:198.941   Transfer type does not match DLM state. Changing transfer type accordingly.
T3B9C 004:199.447   InitTarget() end
T3B9C 004:200.872   TotalIRLen = ?, IRPrint = 0x..000000000000000000000000
T3B9C 004:352.174   ConfigTargetSettings() start
T3B9C 004:352.208    J-Link Script File: Executing ConfigTargetSettings()
T3B9C 004:352.214   Configuring FlashDLNoRMWThreshold=0x200 in order to make sure that option bytes programming is done via read-modify-write
T3B9C 004:352.230   ConfigTargetSettings() end
T3B9C 004:352.237   InitTarget() start
T3B9C 004:352.243    J-Link Script File: Executing InitTarget()
T3B9C 004:352.247   Determining TrustZone configuration...
T3B9C 004:353.371     Secure Debug: Disabled (NSECSD)
T3B9C 004:353.388     Instruction set simulation: Disabled
T3B9C 004:353.396   Determining currently configured transfer type by reading the AHB-AP CSW register.
T3B9C 004:354.133   Transfer type does not match DLM state. Changing transfer type accordingly.
T3B9C 004:354.701   InitTarget() end
T3B9C 004:356.225   TotalIRLen = ?, IRPrint = 0x..000000000000000000000000
T3B9C 004:356.626 - 159.486ms returns 1
T3B9C 004:356.747 JLINK_ReadMem(0xE000EDF0, 0x4 Bytes, ...)
T3B9C 004:356.854   ConfigTargetSettings() start
T3B9C 004:356.864    J-Link Script File: Executing ConfigTargetSettings()
T3B9C 004:356.870   Configuring FlashDLNoRMWThreshold=0x200 in order to make sure that option bytes programming is done via read-modify-write
T3B9C 004:356.886   ConfigTargetSettings() end
T3B9C 004:356.893   InitTarget() start
T3B9C 004:356.899    J-Link Script File: Executing InitTarget()
T3B9C 004:356.903   Determining TrustZone configuration...
T3B9C 004:357.775     Secure Debug: Disabled (NSECSD)
T3B9C 004:357.787     Instruction set simulation: Disabled
T3B9C 004:357.795   Determining currently configured transfer type by reading the AHB-AP CSW register.
T3B9C 004:358.490   Transfer type does not match DLM state. Changing transfer type accordingly.
T3B9C 004:358.952   InitTarget() end
T3B9C 004:360.352   TotalIRLen = ?, IRPrint = 0x..000000000000000000000000
T3B9C 004:512.460   ConfigTargetSettings() start
T3B9C 004:512.481    J-Link Script File: Executing ConfigTargetSettings()
T3B9C 004:512.487   Configuring FlashDLNoRMWThreshold=0x200 in order to make sure that option bytes programming is done via read-modify-write
T3B9C 004:512.497   ConfigTargetSettings() end
T3B9C 004:512.505   InitTarget() start
T3B9C 004:512.511    J-Link Script File: Executing InitTarget()
T3B9C 004:512.515   Determining TrustZone configuration...
T3B9C 004:513.768     Secure Debug: Disabled (NSECSD)
T3B9C 004:513.780     Instruction set simulation: Disabled
T3B9C 004:513.788   Determining currently configured transfer type by reading the AHB-AP CSW register.
T3B9C 004:514.535   Transfer type does not match DLM state. Changing transfer type accordingly.
T3B9C 004:515.015   InitTarget() end
T3B9C 004:516.451   TotalIRLen = ?, IRPrint = 0x..000000000000000000000000
T3B9C 004:516.920 - 160.180ms returns 1
T3B9C 004:517.016 JLINK_ReadMem(0x400E002C, 0x4 Bytes, ...)
T3B9C 004:517.185   ConfigTargetSettings() start
T3B9C 004:517.196    J-Link Script File: Executing ConfigTargetSettings()
T3B9C 004:517.201   Configuring FlashDLNoRMWThreshold=0x200 in order to make sure that option bytes programming is done via read-modify-write
T3B9C 004:517.210   ConfigTargetSettings() end
T3B9C 004:517.216   InitTarget() start
T3B9C 004:517.222    J-Link Script File: Executing InitTarget()
T3B9C 004:517.227   Determining TrustZone configuration...
T3B9C 004:518.152     Secure Debug: Disabled (NSECSD)
T3B9C 004:518.164     Instruction set simulation: Disabled
T3B9C 004:518.172   Determining currently configured transfer type by reading the AHB-AP CSW register.
T3B9C 004:518.856   Transfer type does not match DLM state. Changing transfer type accordingly.
T3B9C 004:519.318   InitTarget() end
T3B9C 004:520.677   TotalIRLen = ?, IRPrint = 0x..000000000000000000000000
T3B9C 004:671.801   ConfigTargetSettings() start
T3B9C 004:671.817    J-Link Script File: Executing ConfigTargetSettings()
T3B9C 004:671.823   Configuring FlashDLNoRMWThreshold=0x200 in order to make sure that option bytes programming is done via read-modify-write
T3B9C 004:671.833   ConfigTargetSettings() end
T3B9C 004:671.840   InitTarget() start
T3B9C 004:671.846    J-Link Script File: Executing InitTarget()
T3B9C 004:671.851   Determining TrustZone configuration...
T3B9C 004:672.825     Secure Debug: Disabled (NSECSD)
T3B9C 004:672.837     Instruction set simulation: Disabled
T3B9C 004:672.845   Determining currently configured transfer type by reading the AHB-AP CSW register.
T3B9C 004:673.577   Transfer type does not match DLM state. Changing transfer type accordingly.
T3B9C 004:674.107   InitTarget() end
T3B9C 004:675.606   TotalIRLen = ?, IRPrint = 0x..000000000000000000000000
T3B9C 004:676.013 - 159.004ms returns 1
T3B9C 004:676.233 JLINK_TIF_GetAvailable(...)
T3B9C 004:676.374 - 0.147ms
T3B9C 004:676.385 JLINK_TIF_Select(JLINKARM_TIF_SWD)
T3B9C 004:676.883 - 0.505ms returns 0x00
T3B9C 004:676.899 JLINK_SetSpeed(4000)
T3B9C 004:676.993 - 0.099ms
T3B9C 004:677.002 JLINK_SetEndian(ARM_ENDIAN_LITTLE)
T3B9C 004:677.006 - 0.006ms returns 0
T3B9C 004:677.013 JLINK_SetInitRegsOnReset(OFF)
T3B9C 004:677.017 - 0.006ms returns 1
T3B9C 004:677.022 JLINK_SetResetType(JLINKARM_RESET_TYPE_NO_RESET)
T3B9C 004:677.029 - 0.010ms returns JLINKARM_RESET_TYPE_NORMAL
T3B9C 004:677.038 JLINK_ExecCommand("EnableFlashBPs", ...). 
T3B9C 004:677.044 - 0.003ms returns 0x00
T3B9C 004:677.051 JLINK_ExecCommand("SetAllowFlashCache = 1", ...). 
T3B9C 004:677.058 - 0.003ms returns 0x01
T3B9C 004:677.063 JLINK_ExecCommand("SetRestartOnClose = 0", ...). 
T3B9C 004:677.070 - 0.002ms returns 0x01
T3B9C 004:677.076 JLINK_EnableSoftBPs(ON)
T3B9C 004:677.080 - 0.006ms
T3B9C 004:677.085 JLINK_Connect()
T3B9C 004:677.266   ConfigTargetSettings() start
T3B9C 004:677.275    J-Link Script File: Executing ConfigTargetSettings()
T3B9C 004:677.280   Configuring FlashDLNoRMWThreshold=0x200 in order to make sure that option bytes programming is done via read-modify-write
T3B9C 004:677.287   ConfigTargetSettings() end
T3B9C 004:677.294   InitTarget() start
T3B9C 004:677.300    J-Link Script File: Executing InitTarget()
T3B9C 004:677.304   Determining TrustZone configuration...
T3B9C 004:678.384     Secure Debug: Enabled (SSD)
T3B9C 004:678.393   Determining currently configured transfer type by reading the AHB-AP CSW register.
T3B9C 004:678.849     --> Correct transfer type configured. Done.
T3B9C 004:678.857   InitTarget() end
T3B9C 004:679.252   Found SW-DP with ID 0x6BA02477
T3B9C 004:680.687   DPIDR: 0x6BA02477
T3B9C 004:680.696   Scanning AP map to find all available APs
T3B9C 004:681.295   AP[2]: Stopped AP scan as end of AP map has been reached
T3B9C 004:681.305   AP[0]: AHB-AP (IDR: 0x84770001)
T3B9C 004:681.311   AP[1]: APB-AP (IDR: 0x54770002)
T3B9C 004:681.317   Iterating through AP map to find AHB-AP to use
T3B9C 004:681.928   AP[0]: Core found
T3B9C 004:681.936   AP[0]: AHB-AP ROM base: 0xE00FE000
T3B9C 004:682.252   CPUID register: 0x410FD214. Implementer code: 0x41 (ARM)
T3B9C 004:682.260   Found Cortex-M33 r0p4, Little endian.
T3B9C 004:783.128   -- Max. mem block: 0x00010C40
T3B9C 004:783.469   CPU_ReadMem(4 bytes @ 0xE000EDF0)
T3B9C 004:783.707   CPU_ReadMem(4 bytes @ 0xE0002000)
T3B9C 004:783.944   FPUnit: 8 code (BP) slots and 0 literal slots
T3B9C 004:783.956   CPU_ReadMem(4 bytes @ 0xE000EDFC)
T3B9C 004:784.187   CPU_ReadMem(4 bytes @ 0xE0001000)
T3B9C 004:784.423   CPU_WriteMem(4 bytes @ 0xE0001000)
T3B9C 004:784.681   CPU_ReadMem(4 bytes @ 0xE000ED88)
T3B9C 004:784.923   CPU_WriteMem(4 bytes @ 0xE000ED88)
T3B9C 004:785.180   CPU_ReadMem(4 bytes @ 0xE000ED88)
T3B9C 004:785.422   CPU_WriteMem(4 bytes @ 0xE000ED88)
T3B9C 004:785.679   CPU_ReadMem(4 bytes @ 0xE000EFB8)
T3B9C 004:785.917   Security extension: implemented
T3B9C 004:785.929   Secure debug: enabled
T3B9C 004:785.935   CoreSight components:
T3B9C 004:785.945   ROMTbl[0] @ E00FE000
T3B9C 004:785.952   CPU_ReadMem(64 bytes @ 0xE00FE000)
T3B9C 004:786.468   CPU_ReadMem(32 bytes @ 0xE0044FE0)
T3B9C 004:786.840   CPU_ReadMem(4 bytes @ 0xE0044FBC)
T3B9C 004:787.096   CPU_ReadMem(4 bytes @ 0xE0044FCC)
T3B9C 004:787.347   ROMTbl[0][0]: E0044000, CID: B105900D, PID: 005BB906 CTI
T3B9C 004:787.354   CPU_ReadMem(32 bytes @ 0xE0047FE0)
T3B9C 004:787.995   CPU_ReadMem(4 bytes @ 0xE0047FBC)
T3B9C 004:788.510   CPU_ReadMem(4 bytes @ 0xE0047FCC)
T3B9C 004:788.726   ROMTbl[0][1]: E0047000, CID: B105900D, PID: 003BB908 CSTF
T3B9C 004:788.741   CPU_ReadMem(32 bytes @ 0xE0048FE0)
T3B9C 004:789.102   CPU_ReadMem(4 bytes @ 0xE0048FBC)
T3B9C 004:789.317   CPU_ReadMem(4 bytes @ 0xE0048FCC)
T3B9C 004:789.517   ROMTbl[0][2]: E0048000, CID: B105900D, PID: 001BB961 TMC
T3B9C 004:789.525   CPU_ReadMem(32 bytes @ 0xE0049FE0)
T3B9C 004:789.846   ROMTbl[0][3]: E0049000, CID: B105F00D, PID: 001BB101 TSG
T3B9C 004:789.854   CPU_ReadMem(32 bytes @ 0xE0040FE0)
T3B9C 004:790.294   CPU_ReadMem(4 bytes @ 0xE0040FBC)
T3B9C 004:790.541   CPU_ReadMem(4 bytes @ 0xE0040FCC)
T3B9C 004:790.736   ROMTbl[0][4]: E0040000, CID: B105900D, PID: 000BBD21 Cortex-M33
T3B9C 004:790.744   CPU_ReadMem(32 bytes @ 0xE00FFFE0)
T3B9C 004:791.128   ROMTbl[0][5]: E00FF000, CID: B105100D, PID: 000BB4C9 ROM Table
T3B9C 004:791.135   ROMTbl[1] @ E00FF000
T3B9C 004:791.148   CPU_ReadMem(64 bytes @ 0xE00FF000)
T3B9C 004:791.728   CPU_ReadMem(32 bytes @ 0xE000EFE0)
T3B9C 004:792.162   CPU_ReadMem(4 bytes @ 0xE000EFBC)
T3B9C 004:792.394   CPU_ReadMem(4 bytes @ 0xE000EFCC)
T3B9C 004:792.593   ROMTbl[1][0]: E000E000, CID: B105900D, PID: 000BBD21 Cortex-M33
T3B9C 004:792.601   CPU_ReadMem(32 bytes @ 0xE0001FE0)
T3B9C 004:792.920   CPU_ReadMem(4 bytes @ 0xE0001FBC)
T3B9C 004:793.118   CPU_ReadMem(4 bytes @ 0xE0001FCC)
T3B9C 004:793.395   ROMTbl[1][1]: E0001000, CID: B105900D, PID: 000BBD21 DWT
T3B9C 004:793.402   CPU_ReadMem(32 bytes @ 0xE0002FE0)
T3B9C 004:793.723   CPU_ReadMem(4 bytes @ 0xE0002FBC)
T3B9C 004:793.920   CPU_ReadMem(4 bytes @ 0xE0002FCC)
T3B9C 004:794.113   ROMTbl[1][2]: E0002000, CID: B105900D, PID: 000BBD21 FPB
T3B9C 004:794.121   CPU_ReadMem(32 bytes @ 0xE0000FE0)
T3B9C 004:794.568   CPU_ReadMem(4 bytes @ 0xE0000FBC)
T3B9C 004:794.764   CPU_ReadMem(4 bytes @ 0xE0000FCC)
T3B9C 004:794.962   ROMTbl[1][3]: E0000000, CID: B105900D, PID: 000BBD21 ITM
T3B9C 004:794.969   CPU_ReadMem(32 bytes @ 0xE0041FE0)
T3B9C 004:795.354   CPU_ReadMem(4 bytes @ 0xE0041FBC)
T3B9C 004:795.550   CPU_ReadMem(4 bytes @ 0xE0041FCC)
T3B9C 004:795.749   ROMTbl[1][5]: E0041000, CID: B105900D, PID: 002BBD21 ETM
T3B9C 004:795.757   CPU_ReadMem(32 bytes @ 0xE0042FE0)
T3B9C 004:796.150   CPU_ReadMem(4 bytes @ 0xE0042FBC)
T3B9C 004:796.395   CPU_ReadMem(4 bytes @ 0xE0042FCC)
T3B9C 004:796.597   ROMTbl[1][6]: E0042000, CID: B105900D, PID: 000BBD21 CSS600-CTI
T3B9C 004:796.625 - 119.542ms returns 0x00
T3B9C 004:796.638 JLINK_ResetPullsRESET(ON)
T3B9C 004:796.643 - 0.006ms
T3B9C 004:796.649 JLINK_Halt()
T3B9C 004:799.265 - 2.621ms returns 0x00
T3B9C 004:799.274 JLINK_IsHalted()
T3B9C 004:799.469 - 0.198ms returns TRUE
T3B9C 004:799.478 JLINK_Reset()
T3B9C 004:799.493   CPU_WriteMem(4 bytes @ 0xE000EDF0)
T3B9C 004:799.722   CPU_ReadMem(4 bytes @ 0xE000ED44)
T3B9C 004:799.934   CPU_ReadMem(4 bytes @ 0xE000EE08)
T3B9C 004:800.159   CPU_WriteMem(4 bytes @ 0xE000EE08)
T3B9C 004:800.392   Reset: ARMv8M core with Security Extension enabled detected.
T3B9C 004:800.400   CPU_WriteMem(4 bytes @ 0xE000EDFC)
T3B9C 004:800.598   Reset: Halt core after reset via DEMCR.VC_CORERESET.
T3B9C 004:800.831   Reset: Reset device via AIRCR.SYSRESETREQ.
T3B9C 004:800.840   CPU_WriteMem(4 bytes @ 0xE000ED0C)
T3B9C 004:854.180   CPU_ReadMem(4 bytes @ 0xE000EDF0)
T3B9C 004:854.455   CPU_ReadMem(4 bytes @ 0xE000EDF0)
T3B9C 004:854.747   CPU_WriteMem(4 bytes @ 0xE000EDF0)
T3B9C 004:855.094   CPU_WriteMem(4 bytes @ 0xE000EDFC)
T3B9C 004:861.305   CPU_ReadMem(4 bytes @ 0xE000EDF0)
T3B9C 004:864.878   CPU_WriteMem(4 bytes @ 0xE0002000)
T3B9C 004:865.197   CPU_ReadMem(4 bytes @ 0xE000EDFC)
T3B9C 004:865.485   CPU_ReadMem(4 bytes @ 0xE0001000)
T3B9C 004:865.778   CPU_ReadMem(4 bytes @ 0xE000EE08)
T3B9C 004:866.092 - 66.621ms
T3B9C 004:866.107 JLINK_SetEndian(ARM_ENDIAN_LITTLE)
T3B9C 004:866.112 - 0.006ms returns 0
T3B9C 004:866.193 JLINK_ReadMem(0xE000EDF0, 0x4 Bytes, ...)
T3B9C 004:866.210   CPU_ReadMem(4 bytes @ 0xE000EDF0)
T3B9C 004:866.476   Data:  03 00 13 00
T3B9C 004:866.488   Debug reg: DHCSR
T3B9C 004:866.494 - 0.302ms returns 0
T3B9C 004:866.517 JLINK_ReadMem(0x010080F0, 0x10 Bytes, ...)
T3B9C 004:866.528   CPU_ReadMem(16 bytes @ 0x010080F0)
T3B9C 004:866.821   Data:  52 37 46 41 34 4D 32 41 42 33 43 46 4C 20 20 20
T3B9C 004:866.831 - 0.316ms returns 0
T3B9C 009:639.073 JLINK_Close()
T3B9C 009:673.624 - 34.665ms
T3B9C 009:673.743   
T3B9C 009:673.748   Closed
